<?xml version="1.0" encoding="utf-8"?>
<shfbBuild product="Sandcastle Help File Builder" version="2015.1.12.0" projectFile="D:\GitHub\HighQualityCode\HW4.Code-Documentation-And-Comments\HelpBookChm\StringExtensionsHelp.shfbproj" started="07-Jul-15 2:21:40 AM">
<buildStep step="Initializing">
Finding tools...
The Sandcastle tools are located in &#39;C:\Program Files (x86)\EWSoftware\Sandcastle Help File Builder\&#39;
Searching for HTML Help 1 compiler...
Found HTML Help 1 compiler in &#39;C:\Program Files (x86)\HTML Help Workshop\&#39;
Locating components in the following folder(s):
   D:\GitHub\HighQualityCode\HW4.Code-Documentation-And-Comments\HelpBookChm
Using presentation style &#39;VS2013&#39; located in &#39;C:\Program Files (x86)\EWSoftware\Sandcastle Help File Builder\PresentationStyles\VS2013&#39;
Loading and initializing plug-ins...
Lightweight Website Style Version 2015.1.12.0
Copyright &#169; 2006-2015, Eric Woodruff, All Rights Reserved
Portions Copyright &#169; 2014, Sam Harwell, All Rights Reserved
</buildStep>
<buildStep step="ValidatingDocumentationSources">
Validating and copying documentation source information
Source: D:\GitHub\HighQualityCode\HW4.Code-Documentation-And-Comments\StringExtensions\bin\Debug\StringExtensions.dll
    Found assembly &#39;D:\GitHub\HighQualityCode\HW4.Code-Documentation-And-Comments\StringExtensions\bin\Debug\StringExtensions.dll&#39;
Source: D:\GitHub\HighQualityCode\HW4.Code-Documentation-And-Comments\StringExtensions\bin\Debug\StringExtensions.xml

Copying XML comments files
    D:\GitHub\HighQualityCode\HW4.Code-Documentation-And-Comments\StringExtensions\bin\Debug\StringExtensions.XML -&gt; D:\GitHub\HighQualityCode\HW4.Code-Documentation-And-Comments\HelpBookChm\Help\Working\StringExtensions.XML
</buildStep>
<buildStep step="GenerateSharedContent">
Generating shared content files (en-US, English (United States))...
<plugIn name="Lightweight Website Style" behavior="After" priority="1000">
</plugIn>    Last step completed in 00:00:00.0937
</buildStep>
<buildStep step="GenerateApiFilter">
Generating API filter for MRefBuilder...
    Last step completed in 00:00:00.0156
</buildStep>
<buildStep step="GenerateReflectionInfo">
Generating reflection information...
[C:\Windows\Microsoft.NET\Framework64\v4.0.30319\MSBuild.exe]
Build started 07-Jul-15 2:21:42 AM.
Project &quot;D:\GitHub\HighQualityCode\HW4.Code-Documentation-And-Comments\HelpBookChm\Help\Working\GenerateRefInfo.proj&quot; on node 1 (default targets).
PrepareForBuild:
  Creating directory &quot;obj\Debug\&quot;.
GenerateRefInfo:
  MRefBuilder (v2015.1.12.0)
  Copyright c 2006-2015, Microsoft Corporation, All Rights Reserved.
  Portions Copyright c 2006-2014, Eric Woodruff, All Rights Reserved.
  Loaded 1 assemblies for reflection and 1 dependency assemblies.
  Wrote information on 1 namespaces, 1 types, and 16 members
  Copying file from &quot;reflection.org&quot; to &quot;reflection.all&quot;.
  XslTransform (v2015.1.12.0)
  Copyright c 2006-2015, Microsoft Corporation, All Rights Reserved.
  Portions Copyright c 2006-2014, Eric Woodruff, All Rights Reserved.
  Applying XSL transformation &#39;C:\Program Files (x86)\EWSoftware\Sandcastle Help File Builder\ProductionTransforms\MergeDuplicates.xsl&#39;.
Done Building Project &quot;D:\GitHub\HighQualityCode\HW4.Code-Documentation-And-Comments\HelpBookChm\Help\Working\GenerateRefInfo.proj&quot; (default targets).

Build succeeded.

Time Elapsed 00:00:02.43
    Last step completed in 00:00:03.1402
</buildStep>
<buildStep step="TransformReflectionInfo">
Transforming reflection output...
[C:\Windows\Microsoft.NET\Framework64\v4.0.30319\MSBuild.exe]
Build started 07-Jul-15 2:21:45 AM.
Project &quot;D:\GitHub\HighQualityCode\HW4.Code-Documentation-And-Comments\HelpBookChm\Help\Working\TransformManifest.proj&quot; on node 1 (default targets).
TransformManifest:
  XslTransform (v2015.1.12.0)
  Copyright c 2006-2015, Microsoft Corporation, All Rights Reserved.
  Portions Copyright c 2006-2014, Eric Woodruff, All Rights Reserved.
  Applying XSL transformation &#39;C:\Program Files (x86)\EWSoftware\Sandcastle Help File Builder\\ProductionTransforms\ApplyVSDocModel.xsl&#39;.
  Copying file from &quot;reflection.xml&quot; to &quot;reflection.nofilenames&quot;.
  XslTransform (v2015.1.12.0)
  Copyright c 2006-2015, Microsoft Corporation, All Rights Reserved.
  Portions Copyright c 2006-2014, Eric Woodruff, All Rights Reserved.
  Applying XSL transformation &#39;C:\Program Files (x86)\EWSoftware\Sandcastle Help File Builder\ProductionTransforms\AddFilenames.xsl&#39;.
  XslTransform (v2015.1.12.0)
  Copyright c 2006-2015, Microsoft Corporation, All Rights Reserved.
  Portions Copyright c 2006-2014, Eric Woodruff, All Rights Reserved.
  Applying XSL transformation &#39;C:\Program Files (x86)\EWSoftware\Sandcastle Help File Builder\ProductionTransforms\ReflectionToManifest.xsl&#39;.
Done Building Project &quot;D:\GitHub\HighQualityCode\HW4.Code-Documentation-And-Comments\HelpBookChm\Help\Working\TransformManifest.proj&quot; (default targets).

Build succeeded.

Time Elapsed 00:00:01.78
    Last step completed in 00:00:02.4298
</buildStep>
<buildStep step="GenerateNamespaceSummaries">
Generating namespace summary information...
    Last step completed in 00:00:00.0625
</buildStep>
<buildStep step="CopyAdditionalContent">
Copying additional content files...
No additional content to copy
    Last step completed in 00:00:00.0000
</buildStep>
<buildStep step="MergeTablesOfContents">
Merging conceptual and additional tables of contents...
    Last step completed in 00:00:00.0000
</buildStep>
<buildStep step="GenerateIntermediateTableOfContents">
Generating intermediate table of contents file...
[C:\Windows\Microsoft.NET\Framework64\v4.0.30319\MSBuild.exe]
Build started 07-Jul-15 2:21:47 AM.
Project &quot;D:\GitHub\HighQualityCode\HW4.Code-Documentation-And-Comments\HelpBookChm\Help\Working\GenerateIntermediateTOC.proj&quot; on node 1 (default targets).
GenerateIntermediateTOC:
  XslTransform (v2015.1.12.0)
  Copyright c 2006-2015, Microsoft Corporation, All Rights Reserved.
  Portions Copyright c 2006-2014, Eric Woodruff, All Rights Reserved.
  Applying XSL transformation &#39;C:\Program Files (x86)\EWSoftware\Sandcastle Help File Builder\\ProductionTransforms\CreateVSToc.xsl&#39;.
Done Building Project &quot;D:\GitHub\HighQualityCode\HW4.Code-Documentation-And-Comments\HelpBookChm\Help\Working\GenerateIntermediateTOC.proj&quot; (default targets).

Build succeeded.

Time Elapsed 00:00:01.25
Generating conceptual content intermediate TOC file...
    Last step completed in 00:00:01.8568
</buildStep>
<buildStep step="CreateBuildAssemblerConfigs">
Creating Sandcastle configuration files...
    sandcastle.config
    Last step completed in 00:00:00.2344
</buildStep>
<buildStep step="MergeCustomConfigs">
Merging custom build component configurations
D:\GitHub\HighQualityCode\HW4.Code-Documentation-And-Comments\HelpBookChm\Help\Working\sandcastle.config
    Last step completed in 00:00:00.0469
</buildStep>
<buildStep step="BuildReferenceTopics">
Building reference help topics...
[C:\Windows\Microsoft.NET\Framework64\v4.0.30319\MSBuild.exe]
Build started 07-Jul-15 2:21:49 AM.
Project &quot;D:\GitHub\HighQualityCode\HW4.Code-Documentation-And-Comments\HelpBookChm\Help\Working\BuildReferenceTopics.proj&quot; on node 1 (default targets).
BuildReferenceTopics:
  BuildAssembler (v2015.1.12.0)
  Copyright c 2006-2015, Microsoft Corporation, All Rights Reserved.
  Portions Copyright c 2006-2014, Eric Woodruff, All Rights Reserved.
  Loading configuration...
  Processing topics...
BuildAssembler : warning : ShowMissingComponent: [N:Telerik.ILS.Common] Missing &lt;summary&gt; documentation [D:\GitHub\HighQualityCode\HW4.Code-Documentation-And-Comments\HelpBookChm\Help\Working\BuildReferenceTopics.proj]
  Processed 19 topic(s)
  1 warning(s)
  CopyFromIndexComponent: &quot;reflection&quot; in-memory cache entries used: 2 of 15.
  CopyFromIndexComponent: &quot;comments&quot; in-memory cache entries used: 1 of 30.
  ResolveReferenceLinksComponent: New MSDN content ID cache size: 13 entries
Done Building Project &quot;D:\GitHub\HighQualityCode\HW4.Code-Documentation-And-Comments\HelpBookChm\Help\Working\BuildReferenceTopics.proj&quot; (default targets).

Build succeeded.

Time Elapsed 00:00:13.63
    Last step completed in 00:00:14.3068
</buildStep>
<buildStep step="CombiningIntermediateTocFiles">
Combining conceptual and API intermediate TOC files...
    Last step completed in 00:00:00.0000
</buildStep>
<buildStep step="ExtractingHtmlInfo">
Extracting HTML info for HTML Help 1 and/or website...
[C:\Windows\Microsoft.NET\Framework64\v4.0.30319\MSBuild.exe]
Sandcastle Help File Builder, version 2015.1.12.0
Copyright c 2006-2015, Eric Woodruff, All Rights Reserved
E-Mail: Eric@EWoodruff.us

Using LCID &#39;1033&#39;, code page &#39;65001&#39;, encoding charset &#39;UTF-8&#39;.

Processing Help 1 files in D:\GitHub\HighQualityCode\HW4.Code-Documentation-And-Comments\HelpBookChm\Help\Working\Output\HtmlHelp1
Processed 19 HTML files
Sorting keywords and generating See Also indices
Saving HTML Help 1 keyword index to D:\GitHub\HighQualityCode\HW4.Code-Documentation-And-Comments\HelpBookChm\Help\Working\StringExtensionMethodsHelpChm.hhk
Saving HTML Help 1 table of contents to D:\GitHub\HighQualityCode\HW4.Code-Documentation-And-Comments\HelpBookChm\Help\Working\StringExtensionMethodsHelpChm.hhc
    Last step completed in 00:00:01.8680
</buildStep>
<buildStep step="CopyStandardHelpContent">
Copying standard help content...
C:\Program Files (x86)\EWSoftware\Sandcastle Help File Builder\PresentationStyles\VS2013\icons\AlertCaution.png -&gt; D:\GitHub\HighQualityCode\HW4.Code-Documentation-And-Comments\HelpBookChm\Help\Working\Output\HtmlHelp1\icons\AlertCaution.png
C:\Program Files (x86)\EWSoftware\Sandcastle Help File Builder\PresentationStyles\VS2013\icons\AlertNote.png -&gt; D:\GitHub\HighQualityCode\HW4.Code-Documentation-And-Comments\HelpBookChm\Help\Working\Output\HtmlHelp1\icons\AlertNote.png
C:\Program Files (x86)\EWSoftware\Sandcastle Help File Builder\PresentationStyles\VS2013\icons\AlertSecurity.png -&gt; D:\GitHub\HighQualityCode\HW4.Code-Documentation-And-Comments\HelpBookChm\Help\Working\Output\HtmlHelp1\icons\AlertSecurity.png
C:\Program Files (x86)\EWSoftware\Sandcastle Help File Builder\PresentationStyles\VS2013\icons\CFW.gif -&gt; D:\GitHub\HighQualityCode\HW4.Code-Documentation-And-Comments\HelpBookChm\Help\Working\Output\HtmlHelp1\icons\CFW.gif
C:\Program Files (x86)\EWSoftware\Sandcastle Help File Builder\PresentationStyles\VS2013\icons\CodeExample.png -&gt; D:\GitHub\HighQualityCode\HW4.Code-Documentation-And-Comments\HelpBookChm\Help\Working\Output\HtmlHelp1\icons\CodeExample.png
C:\Program Files (x86)\EWSoftware\Sandcastle Help File Builder\PresentationStyles\VS2013\icons\favicon.ico -&gt; D:\GitHub\HighQualityCode\HW4.Code-Documentation-And-Comments\HelpBookChm\Help\Working\Output\HtmlHelp1\icons\favicon.ico
C:\Program Files (x86)\EWSoftware\Sandcastle Help File Builder\PresentationStyles\VS2013\icons\privclass.gif -&gt; D:\GitHub\HighQualityCode\HW4.Code-Documentation-And-Comments\HelpBookChm\Help\Working\Output\HtmlHelp1\icons\privclass.gif
C:\Program Files (x86)\EWSoftware\Sandcastle Help File Builder\PresentationStyles\VS2013\icons\privdelegate.gif -&gt; D:\GitHub\HighQualityCode\HW4.Code-Documentation-And-Comments\HelpBookChm\Help\Working\Output\HtmlHelp1\icons\privdelegate.gif
C:\Program Files (x86)\EWSoftware\Sandcastle Help File Builder\PresentationStyles\VS2013\icons\privenumeration.gif -&gt; D:\GitHub\HighQualityCode\HW4.Code-Documentation-And-Comments\HelpBookChm\Help\Working\Output\HtmlHelp1\icons\privenumeration.gif
C:\Program Files (x86)\EWSoftware\Sandcastle Help File Builder\PresentationStyles\VS2013\icons\privevent.gif -&gt; D:\GitHub\HighQualityCode\HW4.Code-Documentation-And-Comments\HelpBookChm\Help\Working\Output\HtmlHelp1\icons\privevent.gif
C:\Program Files (x86)\EWSoftware\Sandcastle Help File Builder\PresentationStyles\VS2013\icons\privextension.gif -&gt; D:\GitHub\HighQualityCode\HW4.Code-Documentation-And-Comments\HelpBookChm\Help\Working\Output\HtmlHelp1\icons\privextension.gif
C:\Program Files (x86)\EWSoftware\Sandcastle Help File Builder\PresentationStyles\VS2013\icons\privfield.gif -&gt; D:\GitHub\HighQualityCode\HW4.Code-Documentation-And-Comments\HelpBookChm\Help\Working\Output\HtmlHelp1\icons\privfield.gif
C:\Program Files (x86)\EWSoftware\Sandcastle Help File Builder\PresentationStyles\VS2013\icons\privinterface.gif -&gt; D:\GitHub\HighQualityCode\HW4.Code-Documentation-And-Comments\HelpBookChm\Help\Working\Output\HtmlHelp1\icons\privinterface.gif
C:\Program Files (x86)\EWSoftware\Sandcastle Help File Builder\PresentationStyles\VS2013\icons\privmethod.gif -&gt; D:\GitHub\HighQualityCode\HW4.Code-Documentation-And-Comments\HelpBookChm\Help\Working\Output\HtmlHelp1\icons\privmethod.gif
C:\Program Files (x86)\EWSoftware\Sandcastle Help File Builder\PresentationStyles\VS2013\icons\privproperty.gif -&gt; D:\GitHub\HighQualityCode\HW4.Code-Documentation-And-Comments\HelpBookChm\Help\Working\Output\HtmlHelp1\icons\privproperty.gif
C:\Program Files (x86)\EWSoftware\Sandcastle Help File Builder\PresentationStyles\VS2013\icons\privstructure.gif -&gt; D:\GitHub\HighQualityCode\HW4.Code-Documentation-And-Comments\HelpBookChm\Help\Working\Output\HtmlHelp1\icons\privstructure.gif
C:\Program Files (x86)\EWSoftware\Sandcastle Help File Builder\PresentationStyles\VS2013\icons\protclass.gif -&gt; D:\GitHub\HighQualityCode\HW4.Code-Documentation-And-Comments\HelpBookChm\Help\Working\Output\HtmlHelp1\icons\protclass.gif
C:\Program Files (x86)\EWSoftware\Sandcastle Help File Builder\PresentationStyles\VS2013\icons\protdelegate.gif -&gt; D:\GitHub\HighQualityCode\HW4.Code-Documentation-And-Comments\HelpBookChm\Help\Working\Output\HtmlHelp1\icons\protdelegate.gif
C:\Program Files (x86)\EWSoftware\Sandcastle Help File Builder\PresentationStyles\VS2013\icons\protenumeration.gif -&gt; D:\GitHub\HighQualityCode\HW4.Code-Documentation-And-Comments\HelpBookChm\Help\Working\Output\HtmlHelp1\icons\protenumeration.gif
C:\Program Files (x86)\EWSoftware\Sandcastle Help File Builder\PresentationStyles\VS2013\icons\protevent.gif -&gt; D:\GitHub\HighQualityCode\HW4.Code-Documentation-And-Comments\HelpBookChm\Help\Working\Output\HtmlHelp1\icons\protevent.gif
C:\Program Files (x86)\EWSoftware\Sandcastle Help File Builder\PresentationStyles\VS2013\icons\protextension.gif -&gt; D:\GitHub\HighQualityCode\HW4.Code-Documentation-And-Comments\HelpBookChm\Help\Working\Output\HtmlHelp1\icons\protextension.gif
C:\Program Files (x86)\EWSoftware\Sandcastle Help File Builder\PresentationStyles\VS2013\icons\protfield.gif -&gt; D:\GitHub\HighQualityCode\HW4.Code-Documentation-And-Comments\HelpBookChm\Help\Working\Output\HtmlHelp1\icons\protfield.gif
C:\Program Files (x86)\EWSoftware\Sandcastle Help File Builder\PresentationStyles\VS2013\icons\protinterface.gif -&gt; D:\GitHub\HighQualityCode\HW4.Code-Documentation-And-Comments\HelpBookChm\Help\Working\Output\HtmlHelp1\icons\protinterface.gif
C:\Program Files (x86)\EWSoftware\Sandcastle Help File Builder\PresentationStyles\VS2013\icons\protmethod.gif -&gt; D:\GitHub\HighQualityCode\HW4.Code-Documentation-And-Comments\HelpBookChm\Help\Working\Output\HtmlHelp1\icons\protmethod.gif
C:\Program Files (x86)\EWSoftware\Sandcastle Help File Builder\PresentationStyles\VS2013\icons\protoperator.gif -&gt; D:\GitHub\HighQualityCode\HW4.Code-Documentation-And-Comments\HelpBookChm\Help\Working\Output\HtmlHelp1\icons\protoperator.gif
C:\Program Files (x86)\EWSoftware\Sandcastle Help File Builder\PresentationStyles\VS2013\icons\protproperty.gif -&gt; D:\GitHub\HighQualityCode\HW4.Code-Documentation-And-Comments\HelpBookChm\Help\Working\Output\HtmlHelp1\icons\protproperty.gif
C:\Program Files (x86)\EWSoftware\Sandcastle Help File Builder\PresentationStyles\VS2013\icons\protstructure.gif -&gt; D:\GitHub\HighQualityCode\HW4.Code-Documentation-And-Comments\HelpBookChm\Help\Working\Output\HtmlHelp1\icons\protstructure.gif
C:\Program Files (x86)\EWSoftware\Sandcastle Help File Builder\PresentationStyles\VS2013\icons\pubclass.gif -&gt; D:\GitHub\HighQualityCode\HW4.Code-Documentation-And-Comments\HelpBookChm\Help\Working\Output\HtmlHelp1\icons\pubclass.gif
C:\Program Files (x86)\EWSoftware\Sandcastle Help File Builder\PresentationStyles\VS2013\icons\pubdelegate.gif -&gt; D:\GitHub\HighQualityCode\HW4.Code-Documentation-And-Comments\HelpBookChm\Help\Working\Output\HtmlHelp1\icons\pubdelegate.gif
C:\Program Files (x86)\EWSoftware\Sandcastle Help File Builder\PresentationStyles\VS2013\icons\pubenumeration.gif -&gt; D:\GitHub\HighQualityCode\HW4.Code-Documentation-And-Comments\HelpBookChm\Help\Working\Output\HtmlHelp1\icons\pubenumeration.gif
C:\Program Files (x86)\EWSoftware\Sandcastle Help File Builder\PresentationStyles\VS2013\icons\pubevent.gif -&gt; D:\GitHub\HighQualityCode\HW4.Code-Documentation-And-Comments\HelpBookChm\Help\Working\Output\HtmlHelp1\icons\pubevent.gif
C:\Program Files (x86)\EWSoftware\Sandcastle Help File Builder\PresentationStyles\VS2013\icons\pubextension.gif -&gt; D:\GitHub\HighQualityCode\HW4.Code-Documentation-And-Comments\HelpBookChm\Help\Working\Output\HtmlHelp1\icons\pubextension.gif
C:\Program Files (x86)\EWSoftware\Sandcastle Help File Builder\PresentationStyles\VS2013\icons\pubfield.gif -&gt; D:\GitHub\HighQualityCode\HW4.Code-Documentation-And-Comments\HelpBookChm\Help\Working\Output\HtmlHelp1\icons\pubfield.gif
C:\Program Files (x86)\EWSoftware\Sandcastle Help File Builder\PresentationStyles\VS2013\icons\pubinterface.gif -&gt; D:\GitHub\HighQualityCode\HW4.Code-Documentation-And-Comments\HelpBookChm\Help\Working\Output\HtmlHelp1\icons\pubinterface.gif
C:\Program Files (x86)\EWSoftware\Sandcastle Help File Builder\PresentationStyles\VS2013\icons\pubmethod.gif -&gt; D:\GitHub\HighQualityCode\HW4.Code-Documentation-And-Comments\HelpBookChm\Help\Working\Output\HtmlHelp1\icons\pubmethod.gif
C:\Program Files (x86)\EWSoftware\Sandcastle Help File Builder\PresentationStyles\VS2013\icons\puboperator.gif -&gt; D:\GitHub\HighQualityCode\HW4.Code-Documentation-And-Comments\HelpBookChm\Help\Working\Output\HtmlHelp1\icons\puboperator.gif
C:\Program Files (x86)\EWSoftware\Sandcastle Help File Builder\PresentationStyles\VS2013\icons\pubproperty.gif -&gt; D:\GitHub\HighQualityCode\HW4.Code-Documentation-And-Comments\HelpBookChm\Help\Working\Output\HtmlHelp1\icons\pubproperty.gif
C:\Program Files (x86)\EWSoftware\Sandcastle Help File Builder\PresentationStyles\VS2013\icons\pubstructure.gif -&gt; D:\GitHub\HighQualityCode\HW4.Code-Documentation-And-Comments\HelpBookChm\Help\Working\Output\HtmlHelp1\icons\pubstructure.gif
C:\Program Files (x86)\EWSoftware\Sandcastle Help File Builder\PresentationStyles\VS2013\icons\SectionCollapsed.png -&gt; D:\GitHub\HighQualityCode\HW4.Code-Documentation-And-Comments\HelpBookChm\Help\Working\Output\HtmlHelp1\icons\SectionCollapsed.png
C:\Program Files (x86)\EWSoftware\Sandcastle Help File Builder\PresentationStyles\VS2013\icons\SectionExpanded.png -&gt; D:\GitHub\HighQualityCode\HW4.Code-Documentation-And-Comments\HelpBookChm\Help\Working\Output\HtmlHelp1\icons\SectionExpanded.png
C:\Program Files (x86)\EWSoftware\Sandcastle Help File Builder\PresentationStyles\VS2013\icons\slMobile.gif -&gt; D:\GitHub\HighQualityCode\HW4.Code-Documentation-And-Comments\HelpBookChm\Help\Working\Output\HtmlHelp1\icons\slMobile.gif
C:\Program Files (x86)\EWSoftware\Sandcastle Help File Builder\PresentationStyles\VS2013\icons\static.gif -&gt; D:\GitHub\HighQualityCode\HW4.Code-Documentation-And-Comments\HelpBookChm\Help\Working\Output\HtmlHelp1\icons\static.gif
C:\Program Files (x86)\EWSoftware\Sandcastle Help File Builder\PresentationStyles\VS2013\icons\xna.gif -&gt; D:\GitHub\HighQualityCode\HW4.Code-Documentation-And-Comments\HelpBookChm\Help\Working\Output\HtmlHelp1\icons\xna.gif
C:\Program Files (x86)\EWSoftware\Sandcastle Help File Builder\PresentationStyles\VS2013\scripts\branding.js -&gt; D:\GitHub\HighQualityCode\HW4.Code-Documentation-And-Comments\HelpBookChm\Help\Working\Output\HtmlHelp1\scripts\branding.js
C:\Program Files (x86)\EWSoftware\Sandcastle Help File Builder\PresentationStyles\VS2013\styles\branding-cs-CZ.css -&gt; D:\GitHub\HighQualityCode\HW4.Code-Documentation-And-Comments\HelpBookChm\Help\Working\Output\HtmlHelp1\styles\branding-cs-CZ.css
C:\Program Files (x86)\EWSoftware\Sandcastle Help File Builder\PresentationStyles\VS2013\styles\branding-de-DE.css -&gt; D:\GitHub\HighQualityCode\HW4.Code-Documentation-And-Comments\HelpBookChm\Help\Working\Output\HtmlHelp1\styles\branding-de-DE.css
C:\Program Files (x86)\EWSoftware\Sandcastle Help File Builder\PresentationStyles\VS2013\styles\branding-en-US.css -&gt; D:\GitHub\HighQualityCode\HW4.Code-Documentation-And-Comments\HelpBookChm\Help\Working\Output\HtmlHelp1\styles\branding-en-US.css
C:\Program Files (x86)\EWSoftware\Sandcastle Help File Builder\PresentationStyles\VS2013\styles\branding-es-ES.css -&gt; D:\GitHub\HighQualityCode\HW4.Code-Documentation-And-Comments\HelpBookChm\Help\Working\Output\HtmlHelp1\styles\branding-es-ES.css
C:\Program Files (x86)\EWSoftware\Sandcastle Help File Builder\PresentationStyles\VS2013\styles\branding-fr-FR.css -&gt; D:\GitHub\HighQualityCode\HW4.Code-Documentation-And-Comments\HelpBookChm\Help\Working\Output\HtmlHelp1\styles\branding-fr-FR.css
C:\Program Files (x86)\EWSoftware\Sandcastle Help File Builder\PresentationStyles\VS2013\styles\branding-Help1.css -&gt; D:\GitHub\HighQualityCode\HW4.Code-Documentation-And-Comments\HelpBookChm\Help\Working\Output\HtmlHelp1\styles\branding-Help1.css
C:\Program Files (x86)\EWSoftware\Sandcastle Help File Builder\PresentationStyles\VS2013\styles\branding-Help2.css -&gt; D:\GitHub\HighQualityCode\HW4.Code-Documentation-And-Comments\HelpBookChm\Help\Working\Output\HtmlHelp1\styles\branding-Help2.css
C:\Program Files (x86)\EWSoftware\Sandcastle Help File Builder\PresentationStyles\VS2013\styles\branding-HelpViewer.css -&gt; D:\GitHub\HighQualityCode\HW4.Code-Documentation-And-Comments\HelpBookChm\Help\Working\Output\HtmlHelp1\styles\branding-HelpViewer.css
C:\Program Files (x86)\EWSoftware\Sandcastle Help File Builder\PresentationStyles\VS2013\styles\branding-it-IT.css -&gt; D:\GitHub\HighQualityCode\HW4.Code-Documentation-And-Comments\HelpBookChm\Help\Working\Output\HtmlHelp1\styles\branding-it-IT.css
C:\Program Files (x86)\EWSoftware\Sandcastle Help File Builder\PresentationStyles\VS2013\styles\branding-ja-JP.css -&gt; D:\GitHub\HighQualityCode\HW4.Code-Documentation-And-Comments\HelpBookChm\Help\Working\Output\HtmlHelp1\styles\branding-ja-JP.css
C:\Program Files (x86)\EWSoftware\Sandcastle Help File Builder\PresentationStyles\VS2013\styles\branding-ko-KR.css -&gt; D:\GitHub\HighQualityCode\HW4.Code-Documentation-And-Comments\HelpBookChm\Help\Working\Output\HtmlHelp1\styles\branding-ko-KR.css
C:\Program Files (x86)\EWSoftware\Sandcastle Help File Builder\PresentationStyles\VS2013\styles\branding-pl-PL.css -&gt; D:\GitHub\HighQualityCode\HW4.Code-Documentation-And-Comments\HelpBookChm\Help\Working\Output\HtmlHelp1\styles\branding-pl-PL.css
C:\Program Files (x86)\EWSoftware\Sandcastle Help File Builder\PresentationStyles\VS2013\styles\branding-pt-BR.css -&gt; D:\GitHub\HighQualityCode\HW4.Code-Documentation-And-Comments\HelpBookChm\Help\Working\Output\HtmlHelp1\styles\branding-pt-BR.css
C:\Program Files (x86)\EWSoftware\Sandcastle Help File Builder\PresentationStyles\VS2013\styles\branding-ru-RU.css -&gt; D:\GitHub\HighQualityCode\HW4.Code-Documentation-And-Comments\HelpBookChm\Help\Working\Output\HtmlHelp1\styles\branding-ru-RU.css
C:\Program Files (x86)\EWSoftware\Sandcastle Help File Builder\PresentationStyles\VS2013\styles\branding-tr-TR.css -&gt; D:\GitHub\HighQualityCode\HW4.Code-Documentation-And-Comments\HelpBookChm\Help\Working\Output\HtmlHelp1\styles\branding-tr-TR.css
C:\Program Files (x86)\EWSoftware\Sandcastle Help File Builder\PresentationStyles\VS2013\styles\branding-Website.css -&gt; D:\GitHub\HighQualityCode\HW4.Code-Documentation-And-Comments\HelpBookChm\Help\Working\Output\HtmlHelp1\styles\branding-Website.css
C:\Program Files (x86)\EWSoftware\Sandcastle Help File Builder\PresentationStyles\VS2013\styles\branding-zh-CN.css -&gt; D:\GitHub\HighQualityCode\HW4.Code-Documentation-And-Comments\HelpBookChm\Help\Working\Output\HtmlHelp1\styles\branding-zh-CN.css
C:\Program Files (x86)\EWSoftware\Sandcastle Help File Builder\PresentationStyles\VS2013\styles\branding-zh-TW.css -&gt; D:\GitHub\HighQualityCode\HW4.Code-Documentation-And-Comments\HelpBookChm\Help\Working\Output\HtmlHelp1\styles\branding-zh-TW.css
C:\Program Files (x86)\EWSoftware\Sandcastle Help File Builder\PresentationStyles\VS2013\styles\branding.css -&gt; D:\GitHub\HighQualityCode\HW4.Code-Documentation-And-Comments\HelpBookChm\Help\Working\Output\HtmlHelp1\styles\branding.css
    Last step completed in 00:00:00.2813
</buildStep>
<buildStep step="GenerateHelpFormatTableOfContents">
Generating HTML Help 1 table of contents file...
    Last step completed in 00:00:00.0156
</buildStep>
<buildStep step="GenerateHelpFileIndex">
Generating HTML Help 1 index file...
    Last step completed in 00:00:00.0000
</buildStep>
<buildStep step="GenerateHelpProject">
Generating HTML Help 1 project file...
    Last step completed in 00:00:00.0000
</buildStep>
<buildStep step="CompilingHelpFile">
Compiling HTML Help 1 file...
[C:\Windows\Microsoft.NET\Framework64\v4.0.30319\MSBuild.exe]
  Microsoft HTML Help Compiler 4.74.8702
  
  
  
  Compiling d:\GitHub\HighQualityCode\HW4.Code-Documentation-And-Comments\HelpBookChm\Help\Working\Output\HtmlHelp1\StringExtensionMethodsHelpChm.chm
  
  
  
  
  
  Compile time: 0 minutes, 2 seconds
  
  21	Topics
  
  198	Local links
  
  85	Internet links
  
  0	Graphics
  
  
  
  
  
  Created d:\GitHub\HighQualityCode\HW4.Code-Documentation-And-Comments\HelpBookChm\Help\Working\Output\HtmlHelp1\StringExtensionMethodsHelpChm.chm, 72,942 bytes
  
  Compression decreased file by 205,092 bytes.
  
    Last step completed in 00:00:04.8874
</buildStep>
<buildStep step="CleanIntermediates">
Removing intermediate files...
    Last step completed in 00:00:00.0156
</buildStep>
<buildStep step="Completed">

Build completed successfully at 07-Jul-15 2:22:10 AM.  Total time: 00:00:29.9821

</buildStep>
</shfbBuild>
